CREATE EXTENSION IF NOT EXISTS acoustid;
NOTICE:  extension "acoustid" already exists, skipping
SELECT json_agg(row_to_json(r)) FROM align_fingerprints(
    '{994277718,440498550,440498550,180443510,180476246,180485494,193052022,193052006,1233231206,1501666678}'::acoustid_raw_fingerprint,
    '{994277718,440498550,440498550,180443510,180476246,180485494,193052022,193052006,1233231206,1501666678}'::acoustid_raw_fingerprint
) r;
          json_agg           
-----------------------------
 [{"aoffset":0,"ascore":23}]
(1 row)

SELECT * FROM align_fingerprints(
    '{994277718,440498550,440498550,180443510,180476246,180485494,193052022,193052006,1233231206,1501666678}'::acoustid_raw_fingerprint,
    '{994277718,440498550,440498550,180443510,180476246,180485494,193052022,193052006,1233231206,1501666678}'::acoustid_raw_fingerprint
);
 aoffset | ascore 
---------+--------
       0 |     23
(1 row)

SELECT * FROM align_fingerprints(
    '{440498550,440498550,180443510,180476246,180485494,193052022,193052006,1233231206,1501666678}'::acoustid_raw_fingerprint,
    '{994277718,440498550,440498550,180443510,180476246,180485494,193052022,193052006,1233231206,1501666678}'::acoustid_raw_fingerprint
);
 aoffset | ascore 
---------+--------
      -1 |     20
(1 row)

SELECT * FROM align_fingerprints(
    '{440498550,180443510,180476246,180485494,193052022,193052006,1233231206,1501666678}'::acoustid_raw_fingerprint,
    '{994277718,440498550,440498550,180443510,180476246,180485494,193052022,193052006,1233231206,1501666678}'::acoustid_raw_fingerprint
);
 aoffset | ascore 
---------+--------
      -2 |     19
(1 row)

